# JRE version: OpenJDK Runtime Environment Temurin-17.0.10+7 (17.0.10+7) (build 17.0.10+7)
# Java VM: OpenJDK 64-Bit Server VM Temurin-17.0.10+7 (17.0.10+7, mixed mode, tiered, compressed oops, compressed class ptrs, parallel gc, windows-amd64)
GC Precious Log:
 CPUs: 8 total, 8 available
 Memory: 3521M
 Large Page Support: Disabled
 NUMA Support: Disabled
 Compressed Oops: Enabled (32-bit)
 Alignments: Space 512K, Generation 512K, Heap 2M
 Heap Min Capacity: 100M
 Heap Initial Capacity: 100M
 Heap Max Capacity: 1G
 Pre-touch: Disabled
 Parallel Workers: 8
Heap:
 PSYoungGen      total 36864K, used 10137K [0x00000000eab00000, 0x00000000ed600000, 0x0000000100000000)
  eden space 32768K, 18% used [0x00000000eab00000,0x00000000eb0eaae0,0x00000000ecb00000)
  from space 4096K, 99% used [0x00000000ecd80000,0x00000000ed17bae8,0x00000000ed180000)
  to   space 4608K, 0% used [0x00000000ed180000,0x00000000ed180000,0x00000000ed600000)
 ParOldGen       total 353792K, used 292653K [0x00000000c0000000, 0x00000000d5980000, 0x00000000eab00000)
  object space 353792K, 82% used [0x00000000c0000000,0x00000000d1dcb658,0x00000000d5980000)
 Metaspace       used 91699K, committed 93184K, reserved 1179648K
  class space    used 10114K, committed 10752K, reserved 1048576K
GC Heap History (20 events):
Event: 802.312 GC heap before
{Heap before GC invocations=300 (full 13):
 PSYoungGen      total 36352K, used 33978K [0x00000000eab00000, 0x00000000ed880000, 0x0000000100000000)
  eden space 32768K, 100% used [0x00000000eab00000,0x00000000ecb00000,0x00000000ecb00000)
  from space 3584K, 33% used [0x00000000ed180000,0x00000000ed2ae940,0x00000000ed500000)
  to   space 2048K, 0% used [0x00000000ed680000,0x00000000ed680000,0x00000000ed880000)
 ParOldGen       total 353792K, used 283039K [0x00000000c0000000, 0x00000000d5980000, 0x00000000eab00000)
  object space 353792K, 80% used [0x00000000c0000000,0x00000000d1467ec8,0x00000000d5980000)
 Metaspace       used 90314K, committed 91776K, reserved 1179648K
  class space    used 10038K, committed 10688K, reserved 1048576K
}
Event: 802.493 GC heap after
{Heap after GC invocations=300 (full 13):
 PSYoungGen      total 34816K, used 1774K [0x00000000eab00000, 0x00000000ed880000, 0x0000000100000000)
  eden space 32768K, 0% used [0x00000000eab00000,0x00000000eab00000,0x00000000ecb00000)
  from space 2048K, 86% used [0x00000000ed680000,0x00000000ed83bbe0,0x00000000ed880000)
  to   space 2048K, 0% used [0x00000000ed480000,0x00000000ed480000,0x00000000ed680000)
 ParOldGen       total 353792K, used 283047K [0x00000000c0000000, 0x00000000d5980000, 0x00000000eab00000)
  object space 353792K, 80% used [0x00000000c0000000,0x00000000d1469ec8,0x00000000d5980000)
 Metaspace       used 90314K, committed 91776K, reserved 1179648K
  class space    used 10038K, committed 10688K, reserved 1048576K
}
Event: 804.359 GC heap before
{Heap before GC invocations=301 (full 13):
 PSYoungGen      total 34816K, used 34261K [0x00000000eab00000, 0x00000000ed880000, 0x0000000100000000)
  eden space 32768K, 99% used [0x00000000eab00000,0x00000000ecab98c8,0x00000000ecb00000)
  from space 2048K, 86% used [0x00000000ed680000,0x00000000ed83bbe0,0x00000000ed880000)
  to   space 2048K, 0% used [0x00000000ed480000,0x00000000ed480000,0x00000000ed680000)
 ParOldGen       total 353792K, used 283047K [0x00000000c0000000, 0x00000000d5980000, 0x00000000eab00000)
  object space 353792K, 80% used [0x00000000c0000000,0x00000000d1469ec8,0x00000000d5980000)
 Metaspace       used 90628K, committed 92096K, reserved 1179648K
  class space    used 10043K, committed 10688K, reserved 1048576K
}
Event: 804.381 GC heap after
{Heap after GC invocations=301 (full 13):
 PSYoungGen      total 34816K, used 2025K [0x00000000eab00000, 0x00000000ed700000, 0x0000000100000000)
  eden space 32768K, 0% used [0x00000000eab00000,0x00000000eab00000,0x00000000ecb00000)
  from space 2048K, 98% used [0x00000000ed480000,0x00000000ed67a4c0,0x00000000ed680000)
  to   space 512K, 0% used [0x00000000ed680000,0x00000000ed680000,0x00000000ed700000)
 ParOldGen       total 353792K, used 283407K [0x00000000c0000000, 0x00000000d5980000, 0x00000000eab00000)
  object space 353792K, 80% used [0x00000000c0000000,0x00000000d14c3f08,0x00000000d5980000)
 Metaspace       used 90628K, committed 92096K, reserved 1179648K
  class space    used 10043K, committed 10688K, reserved 1048576K
}
Event: 805.513 GC heap before
{Heap before GC invocations=302 (full 13):
 PSYoungGen      total 34816K, used 34793K [0x00000000eab00000, 0x00000000ed700000, 0x0000000100000000)
  eden space 32768K, 100% used [0x00000000eab00000,0x00000000ecb00000,0x00000000ecb00000)
  from space 2048K, 98% used [0x00000000ed480000,0x00000000ed67a4c0,0x00000000ed680000)
  to   space 512K, 0% used [0x00000000ed680000,0x00000000ed680000,0x00000000ed700000)
 ParOldGen       total 353792K, used 283407K [0x00000000c0000000, 0x00000000d5980000, 0x00000000eab00000)
  object space 353792K, 80% used [0x00000000c0000000,0x00000000d14c3f08,0x00000000d5980000)
 Metaspace       used 90701K, committed 92160K, reserved 1179648K
  class space    used 10044K, committed 10688K, reserved 1048576K
}
Event: 805.659 GC heap after
{Heap after GC invocations=302 (full 13):
 PSYoungGen      total 33280K, used 512K [0x00000000eab00000, 0x00000000ed900000, 0x0000000100000000)
  eden space 32768K, 0% used [0x00000000eab00000,0x00000000eab00000,0x00000000ecb00000)
  from space 512K, 100% used [0x00000000ed680000,0x00000000ed700000,0x00000000ed700000)
  to   space 7168K, 0% used [0x00000000ecb00000,0x00000000ecb00000,0x00000000ed200000)
 ParOldGen       total 353792K, used 289130K [0x00000000c0000000, 0x00000000d5980000, 0x00000000eab00000)
  object space 353792K, 81% used [0x00000000c0000000,0x00000000d1a5aae8,0x00000000d5980000)
 Metaspace       used 90701K, committed 92160K, reserved 1179648K
  class space    used 10044K, committed 10688K, reserved 1048576K
}
Event: 824.312 GC heap before
{Heap before GC invocations=303 (full 13):
 PSYoungGen      total 33280K, used 33280K [0x00000000eab00000, 0x00000000ed900000, 0x0000000100000000)
  eden space 32768K, 100% used [0x00000000eab00000,0x00000000ecb00000,0x00000000ecb00000)
  from space 512K, 100% used [0x00000000ed680000,0x00000000ed700000,0x00000000ed700000)
  to   space 7168K, 0% used [0x00000000ecb00000,0x00000000ecb00000,0x00000000ed200000)
 ParOldGen       total 353792K, used 289130K [0x00000000c0000000, 0x00000000d5980000, 0x00000000eab00000)
  object space 353792K, 81% used [0x00000000c0000000,0x00000000d1a5aae8,0x00000000d5980000)
 Metaspace       used 90774K, committed 92224K, reserved 1179648K
  class space    used 10046K, committed 10688K, reserved 1048576K
}
Event: 824.352 GC heap after
{Heap after GC invocations=303 (full 13):
 PSYoungGen      total 39936K, used 7158K [0x00000000eab00000, 0x00000000edd00000, 0x0000000100000000)
  eden space 32768K, 0% used [0x00000000eab00000,0x00000000eab00000,0x00000000ecb00000)
  from space 7168K, 99% used [0x00000000ecb00000,0x00000000ed1fdbd0,0x00000000ed200000)
  to   space 9216K, 0% used [0x00000000ed400000,0x00000000ed400000,0x00000000edd00000)
 ParOldGen       total 353792K, used 290186K [0x00000000c0000000, 0x00000000d5980000, 0x00000000eab00000)
  object space 353792K, 82% used [0x00000000c0000000,0x00000000d1b62ae8,0x00000000d5980000)
 Metaspace       used 90774K, committed 92224K, reserved 1179648K
  class space    used 10046K, committed 10688K, reserved 1048576K
}
Event: 825.173 GC heap before
{Heap before GC invocations=304 (full 13):
 PSYoungGen      total 39936K, used 39926K [0x00000000eab00000, 0x00000000edd00000, 0x0000000100000000)
  eden space 32768K, 100% used [0x00000000eab00000,0x00000000ecb00000,0x00000000ecb00000)
  from space 7168K, 99% used [0x00000000ecb00000,0x00000000ed1fdbd0,0x00000000ed200000)
  to   space 9216K, 0% used [0x00000000ed400000,0x00000000ed400000,0x00000000edd00000)
 ParOldGen       total 353792K, used 290186K [0x00000000c0000000, 0x00000000d5980000, 0x00000000eab00000)
  object space 353792K, 82% used [0x00000000c0000000,0x00000000d1b62ae8,0x00000000d5980000)
 Metaspace       used 90833K, committed 92288K, reserved 1179648K
  class space    used 10046K, committed 10688K, reserved 1048576K
}
Event: 825.182 GC heap after
{Heap after GC invocations=304 (full 13):
 PSYoungGen      total 36864K, used 3618K [0x00000000eab00000, 0x00000000ed800000, 0x0000000100000000)
  eden space 32768K, 0% used [0x00000000eab00000,0x00000000eab00000,0x00000000ecb00000)
  from space 4096K, 88% used [0x00000000ed400000,0x00000000ed788870,0x00000000ed800000)
  to   space 5632K, 0% used [0x00000000ecd00000,0x00000000ecd00000,0x00000000ed280000)
 ParOldGen       total 353792K, used 290290K [0x00000000c0000000, 0x00000000d5980000, 0x00000000eab00000)
  object space 353792K, 82% used [0x00000000c0000000,0x00000000d1b7cae8,0x00000000d5980000)
 Metaspace       used 90833K, committed 92288K, reserved 1179648K
  class space    used 10046K, committed 10688K, reserved 1048576K
}
Event: 830.922 GC heap before
{Heap before GC invocations=305 (full 13):
 PSYoungGen      total 36864K, used 36386K [0x00000000eab00000, 0x00000000ed800000, 0x0000000100000000)
  eden space 32768K, 100% used [0x00000000eab00000,0x00000000ecb00000,0x00000000ecb00000)
  from space 4096K, 88% used [0x00000000ed400000,0x00000000ed788870,0x00000000ed800000)
  to   space 5632K, 0% used [0x00000000ecd00000,0x00000000ecd00000,0x00000000ed280000)
 ParOldGen       total 353792K, used 290290K [0x00000000c0000000, 0x00000000d5980000, 0x00000000eab00000)
  object space 353792K, 82% used [0x00000000c0000000,0x00000000d1b7cae8,0x00000000d5980000)
 Metaspace       used 90980K, committed 92416K, reserved 1179648K
  class space    used 10050K, committed 10688K, reserved 1048576K
}
Event: 830.931 GC heap after
{Heap after GC invocations=305 (full 13):
 PSYoungGen      total 38400K, used 5628K [0x00000000eab00000, 0x00000000ed800000, 0x0000000100000000)
  eden space 32768K, 0% used [0x00000000eab00000,0x00000000eab00000,0x00000000ecb00000)
  from space 5632K, 99% used [0x00000000ecd00000,0x00000000ed27f2e0,0x00000000ed280000)
  to   space 5632K, 0% used [0x00000000ed280000,0x00000000ed280000,0x00000000ed800000)
 ParOldGen       total 353792K, used 290450K [0x00000000c0000000, 0x00000000d5980000, 0x00000000eab00000)
  object space 353792K, 82% used [0x00000000c0000000,0x00000000d1ba4ae8,0x00000000d5980000)
 Metaspace       used 90980K, committed 92416K, reserved 1179648K
  class space    used 10050K, committed 10688K, reserved 1048576K
}
Event: 833.463 GC heap before
{Heap before GC invocations=306 (full 13):
 PSYoungGen      total 38400K, used 38198K [0x00000000eab00000, 0x00000000ed800000, 0x0000000100000000)
  eden space 32768K, 99% used [0x00000000eab00000,0x00000000ecace910,0x00000000ecb00000)
  from space 5632K, 99% used [0x00000000ecd00000,0x00000000ed27f2e0,0x00000000ed280000)
  to   space 5632K, 0% used [0x00000000ed280000,0x00000000ed280000,0x00000000ed800000)
 ParOldGen       total 353792K, used 290450K [0x00000000c0000000, 0x00000000d5980000, 0x00000000eab00000)
  object space 353792K, 82% used [0x00000000c0000000,0x00000000d1ba4ae8,0x00000000d5980000)
 Metaspace       used 91298K, committed 92800K, reserved 1179648K
  class space    used 10089K, committed 10752K, reserved 1048576K
}
Event: 833.478 GC heap after
{Heap after GC invocations=306 (full 13):
 PSYoungGen      total 38400K, used 5202K [0x00000000eab00000, 0x00000000ed800000, 0x0000000100000000)
  eden space 32768K, 0% used [0x00000000eab00000,0x00000000eab00000,0x00000000ecb00000)
  from space 5632K, 92% used [0x00000000ed280000,0x00000000ed794880,0x00000000ed800000)
  to   space 5632K, 0% used [0x00000000ecd00000,0x00000000ecd00000,0x00000000ed280000)
 ParOldGen       total 353792K, used 290538K [0x00000000c0000000, 0x00000000d5980000, 0x00000000eab00000)
  object space 353792K, 82% used [0x00000000c0000000,0x00000000d1bbaae8,0x00000000d5980000)
 Metaspace       used 91298K, committed 92800K, reserved 1179648K
  class space    used 10089K, committed 10752K, reserved 1048576K
}
Event: 834.471 GC heap before
{Heap before GC invocations=307 (full 13):
 PSYoungGen      total 38400K, used 37970K [0x00000000eab00000, 0x00000000ed800000, 0x0000000100000000)
  eden space 32768K, 100% used [0x00000000eab00000,0x00000000ecb00000,0x00000000ecb00000)
  from space 5632K, 92% used [0x00000000ed280000,0x00000000ed794880,0x00000000ed800000)
  to   space 5632K, 0% used [0x00000000ecd00000,0x00000000ecd00000,0x00000000ed280000)
 ParOldGen       total 353792K, used 290538K [0x00000000c0000000, 0x00000000d5980000, 0x00000000eab00000)
  object space 353792K, 82% used [0x00000000c0000000,0x00000000d1bbaae8,0x00000000d5980000)
 Metaspace       used 91487K, committed 92928K, reserved 1179648K
  class space    used 10113K, committed 10752K, reserved 1048576K
}
Event: 834.487 GC heap after
{Heap after GC invocations=307 (full 13):
 PSYoungGen      total 38400K, used 5614K [0x00000000eab00000, 0x00000000ed900000, 0x0000000100000000)
  eden space 32768K, 0% used [0x00000000eab00000,0x00000000eab00000,0x00000000ecb00000)
  from space 5632K, 99% used [0x00000000ecd00000,0x00000000ed27bb08,0x00000000ed280000)
  to   space 6656K, 0% used [0x00000000ed280000,0x00000000ed280000,0x00000000ed900000)
 ParOldGen       total 353792K, used 291451K [0x00000000c0000000, 0x00000000d5980000, 0x00000000eab00000)
  object space 353792K, 82% used [0x00000000c0000000,0x00000000d1c9ed38,0x00000000d5980000)
 Metaspace       used 91487K, committed 92928K, reserved 1179648K
  class space    used 10113K, committed 10752K, reserved 1048576K
}
Event: 839.229 GC heap before
{Heap before GC invocations=308 (full 13):
 PSYoungGen      total 38400K, used 38382K [0x00000000eab00000, 0x00000000ed900000, 0x0000000100000000)
  eden space 32768K, 100% used [0x00000000eab00000,0x00000000ecb00000,0x00000000ecb00000)
  from space 5632K, 99% used [0x00000000ecd00000,0x00000000ed27bb08,0x00000000ed280000)
  to   space 6656K, 0% used [0x00000000ed280000,0x00000000ed280000,0x00000000ed900000)
 ParOldGen       total 353792K, used 291451K [0x00000000c0000000, 0x00000000d5980000, 0x00000000eab00000)
  object space 353792K, 82% used [0x00000000c0000000,0x00000000d1c9ed38,0x00000000d5980000)
 Metaspace       used 91563K, committed 92992K, reserved 1179648K
  class space    used 10114K, committed 10752K, reserved 1048576K
}
Event: 839.250 GC heap after
{Heap after GC invocations=308 (full 13):
 PSYoungGen      total 35840K, used 2660K [0x00000000eab00000, 0x00000000ed580000, 0x0000000100000000)
  eden space 32768K, 0% used [0x00000000eab00000,0x00000000eab00000,0x00000000ecb00000)
  from space 3072K, 86% used [0x00000000ed280000,0x00000000ed5191d8,0x00000000ed580000)
  to   space 4096K, 0% used [0x00000000ecd80000,0x00000000ecd80000,0x00000000ed180000)
 ParOldGen       total 353792K, used 291795K [0x00000000c0000000, 0x00000000d5980000, 0x00000000eab00000)
  object space 353792K, 82% used [0x00000000c0000000,0x00000000d1cf4d38,0x00000000d5980000)
 Metaspace       used 91563K, committed 92992K, reserved 1179648K
  class space    used 10114K, committed 10752K, reserved 1048576K
}
Event: 841.043 GC heap before
{Heap before GC invocations=309 (full 13):
 PSYoungGen      total 35840K, used 35428K [0x00000000eab00000, 0x00000000ed580000, 0x0000000100000000)
  eden space 32768K, 100% used [0x00000000eab00000,0x00000000ecb00000,0x00000000ecb00000)
  from space 3072K, 86% used [0x00000000ed280000,0x00000000ed5191d8,0x00000000ed580000)
  to   space 4096K, 0% used [0x00000000ecd80000,0x00000000ecd80000,0x00000000ed180000)
 ParOldGen       total 353792K, used 291795K [0x00000000c0000000, 0x00000000d5980000, 0x00000000eab00000)
  object space 353792K, 82% used [0x00000000c0000000,0x00000000d1cf4d38,0x00000000d5980000)
 Metaspace       used 91686K, committed 93120K, reserved 1179648K
  class space    used 10114K, committed 10752K, reserved 1048576K
}
Event: 841.058 GC heap after
{Heap after GC invocations=309 (full 13):
 PSYoungGen      total 36864K, used 4078K [0x00000000eab00000, 0x00000000ed600000, 0x0000000100000000)
  eden space 32768K, 0% used [0x00000000eab00000,0x00000000eab00000,0x00000000ecb00000)
  from space 4096K, 99% used [0x00000000ecd80000,0x00000000ed17bae8,0x00000000ed180000)
  to   space 4608K, 0% used [0x00000000ed180000,0x00000000ed180000,0x00000000ed600000)
 ParOldGen       total 353792K, used 292653K [0x00000000c0000000, 0x00000000d5980000, 0x00000000eab00000)
  object space 353792K, 82% used [0x00000000c0000000,0x00000000d1dcb658,0x00000000d5980000)
 Metaspace       used 91686K, committed 93120K, reserved 1179648K
  class space    used 10114K, committed 10752K, reserved 1048576K
}

